0 info it worked if it ends with ok
1 verbose cli [ 'D:\\Program Files\\nodejs\\node.exe',
1 verbose cli   'D:\\Program Files\\nodejs\\node_modules\\npm\\bin\\npm-cli.js',
1 verbose cli   'run',
1 verbose cli   'publish' ]
2 info using npm@2.14.7
3 info using node@v4.2.1
4 verbose run-script [ 'prepublish', 'publish', 'postpublish' ]
5 info prepublish material-ui-vue@0.0.5
6 info publish material-ui-vue@0.0.5
7 verbose unsafe-perm in lifecycle true
8 info material-ui-vue@0.0.5 Failed to exec publish script
9 verbose stack Error: material-ui-vue@0.0.5 publish: `npm publish ./dist`
9 verbose stack Exit status 1
9 verbose stack     at EventEmitter.<anonymous> (D:\Program Files\nodejs\node_modules\npm\lib\utils\lifecycle.js:214:16)
9 verbose stack     at emitTwo (events.js:87:13)
9 verbose stack     at EventEmitter.emit (events.js:172:7)
9 verbose stack     at ChildProcess.<anonymous> (D:\Program Files\nodejs\node_modules\npm\lib\utils\spawn.js:24:14)
9 verbose stack     at emitTwo (events.js:87:13)
9 verbose stack     at ChildProcess.emit (events.js:172:7)
9 verbose stack     at maybeClose (internal/child_process.js:818:16)
9 verbose stack     at Process.ChildProcess._handle.onexit (internal/child_process.js:211:5)
10 verbose pkgid material-ui-vue@0.0.5
11 verbose cwd C:\Users\Administrator\Documents\GitHub\material-ui-vue
12 error Windows_NT 6.1.7601
13 error argv "D:\\Program Files\\nodejs\\node.exe" "D:\\Program Files\\nodejs\\node_modules\\npm\\bin\\npm-cli.js" "run" "publish"
14 error node v4.2.1
15 error npm  v2.14.7
16 error code ELIFECYCLE
17 error material-ui-vue@0.0.5 publish: `npm publish ./dist`
17 error Exit status 1
18 error Failed at the material-ui-vue@0.0.5 publish script 'npm publish ./dist'.
18 error This is most likely a problem with the material-ui-vue package,
18 error not with npm itself.
18 error Tell the author that this fails on your system:
18 error     npm publish ./dist
18 error You can get their info via:
18 error     npm owner ls material-ui-vue
18 error There is likely additional logging output above.
19 verbose exit [ 1, true ]
